<?xml version="1.0" encoding="UTF-8"?>
<testng-results skipped="0" failed="1" total="1" passed="0">
  <reporter-output>
  </reporter-output>
  <suite name="Default suite" duration-ms="107470" started-at="2015-09-11T23:58:19Z" finished-at="2015-09-12T00:00:06Z">
    <groups>
    </groups>
    <test name="Default test" duration-ms="107470" started-at="2015-09-11T23:58:19Z" finished-at="2015-09-12T00:00:06Z">
      <class name="com.selendroidtest.tests.SelendroidTestRegistrationTest">
        <test-method status="PASS" signature="init(java.lang.String)[pri:0, instance:com.selendroidtest.tests.SelendroidTestRegistrationTest@3ca83695]" name="init" is-config="true" duration-ms="477" started-at="2015-09-12T02:58:18Z" finished-at="2015-09-12T02:58:19Z">
          <params>
            <param index="0">
              <value>
                <![CDATA[resources/config.properties]]>
              </value>
            </param>
          </params>
          <reporter-output>
          </reporter-output>
        </test-method> <!-- init -->
        <test-method status="FAIL" signature="successfulSelendroidTestRegistration(java.lang.String, java.lang.String, java.lang.String, java.lang.String, com.selendroidtest.tasks.PreferedProgrammingLanguage)[pri:0, instance:com.selendroidtest.tests.SelendroidTestRegistrationTest@3ca83695]" name="successfulSelendroidTestRegistration" duration-ms="42655" started-at="2015-09-12T02:58:19Z" data-provider="registerNewUser" finished-at="2015-09-12T02:59:02Z">
          <params>
            <param index="0">
              <value>
                <![CDATA[u$ername]]>
              </value>
            </param>
            <param index="1">
              <value>
                <![CDATA[me@myserver.com]]>
              </value>
            </param>
            <param index="2">
              <value>
                <![CDATA[mySecret]]>
              </value>
            </param>
            <param index="3">
              <value>
                <![CDATA[Selendroid User]]>
              </value>
            </param>
            <param index="4">
              <value>
                <![CDATA[PreferedProgrammingLanguage.JAVA_SCRIPT]]>
              </value>
            </param>
          </params>
          <exception class="java.lang.IllegalArgumentException">
            <message>
              <![CDATA[argument type mismatch]]>
            </message>
            <full-stacktrace>
              <![CDATA[java.lang.IllegalArgumentException: argument type mismatch
	at sun.reflect.NativeMethodAccessorImpl.invoke0(Native Method)
	at sun.reflect.NativeMethodAccessorImpl.invoke(Unknown Source)
	at sun.reflect.DelegatingMethodAccessorImpl.invoke(Unknown Source)
	at java.lang.reflect.Method.invoke(Unknown Source)
	at org.testng.internal.MethodInvocationHelper.invokeMethod(MethodInvocationHelper.java:84)
	at org.testng.internal.Invoker.invokeMethod(Invoker.java:714)
	at org.testng.internal.Invoker.invokeTestMethod(Invoker.java:901)
	at org.testng.internal.Invoker.invokeTestMethods(Invoker.java:1231)
	at org.testng.internal.TestMethodWorker.invokeTestMethods(TestMethodWorker.java:127)
	at org.testng.internal.TestMethodWorker.run(TestMethodWorker.java:111)
	at org.testng.TestRunner.privateRun(TestRunner.java:767)
	at org.testng.TestRunner.run(TestRunner.java:617)
	at org.testng.SuiteRunner.runTest(SuiteRunner.java:334)
	at org.testng.SuiteRunner.runSequentially(SuiteRunner.java:329)
	at org.testng.SuiteRunner.privateRun(SuiteRunner.java:291)
	at org.testng.SuiteRunner.run(SuiteRunner.java:240)
	at org.testng.SuiteRunnerWorker.runSuite(SuiteRunnerWorker.java:52)
	at org.testng.SuiteRunnerWorker.run(SuiteRunnerWorker.java:86)
	at org.testng.TestNG.runSuitesSequentially(TestNG.java:1224)
	at org.testng.TestNG.runSuitesLocally(TestNG.java:1149)
	at org.testng.TestNG.run(TestNG.java:1057)
	at org.testng.remote.RemoteTestNG.run(RemoteTestNG.java:111)
	at org.testng.remote.RemoteTestNG.initAndRun(RemoteTestNG.java:204)
	at org.testng.remote.RemoteTestNG.main(RemoteTestNG.java:175)
]]>
            </full-stacktrace>
          </exception> <!-- java.lang.IllegalArgumentException -->
          <reporter-output>
          </reporter-output>
        </test-method> <!-- successfulSelendroidTestRegistration -->
      </class> <!-- com.selendroidtest.tests.SelendroidTestRegistrationTest -->
    </test> <!-- Default test -->
  </suite> <!-- Default suite -->
</testng-results>
